c:\users\hienn\onedrive\documents\ait-vision\hw5\skeletonv5\src\release\imgpro.ipdb
c:\users\hienn\onedrive\documents\ait-vision\hw5\skeletonv5\src\release\imgpro.iobj
c:\users\hienn\onedrive\documents\ait-vision\hw5\skeletonv5\src\release\vc141.pdb
c:\users\hienn\onedrive\documents\ait-vision\hw5\skeletonv5\src\release\r2vector.obj
c:\users\hienn\onedrive\documents\ait-vision\hw5\skeletonv5\src\release\r2segment.obj
c:\users\hienn\onedrive\documents\ait-vision\hw5\skeletonv5\src\release\r2point.obj
c:\users\hienn\onedrive\documents\ait-vision\hw5\skeletonv5\src\release\r2line.obj
c:\users\hienn\onedrive\documents\ait-vision\hw5\skeletonv5\src\release\r2distance.obj
c:\users\hienn\onedrive\documents\ait-vision\hw5\skeletonv5\src\release\svd.obj
c:\users\hienn\onedrive\documents\ait-vision\hw5\skeletonv5\src\release\r2pixel.obj
c:\users\hienn\onedrive\documents\ait-vision\hw5\skeletonv5\src\release\r2image.obj
c:\users\hienn\onedrive\documents\ait-vision\hw5\skeletonv5\src\release\imgpro.obj
c:\users\hienn\onedrive\documents\ait-vision\hw5\skeletonv5\src\release\jdatasrc.obj
c:\users\hienn\onedrive\documents\ait-vision\hw5\skeletonv5\src\release\jdatadst.obj
c:\users\hienn\onedrive\documents\ait-vision\hw5\skeletonv5\src\release\jdapistd.obj
c:\users\hienn\onedrive\documents\ait-vision\hw5\skeletonv5\src\release\jdapimin.obj
c:\users\hienn\onedrive\documents\ait-vision\hw5\skeletonv5\src\release\jctrans.obj
c:\users\hienn\onedrive\documents\ait-vision\hw5\skeletonv5\src\release\jcsample.obj
c:\users\hienn\onedrive\documents\ait-vision\hw5\skeletonv5\src\release\jcprepct.obj
c:\users\hienn\onedrive\documents\ait-vision\hw5\skeletonv5\src\release\jcphuff.obj
c:\users\hienn\onedrive\documents\ait-vision\hw5\skeletonv5\src\release\jcparam.obj
c:\users\hienn\onedrive\documents\ait-vision\hw5\skeletonv5\src\release\jcomapi.obj
c:\users\hienn\onedrive\documents\ait-vision\hw5\skeletonv5\src\release\jcmaster.obj
c:\users\hienn\onedrive\documents\ait-vision\hw5\skeletonv5\src\release\jcmarker.obj
c:\users\hienn\onedrive\documents\ait-vision\hw5\skeletonv5\src\release\jcmainct.obj
c:\users\hienn\onedrive\documents\ait-vision\hw5\skeletonv5\src\release\jcinit.obj
c:\users\hienn\onedrive\documents\ait-vision\hw5\skeletonv5\src\release\jchuff.obj
c:\users\hienn\onedrive\documents\ait-vision\hw5\skeletonv5\src\release\jcdctmgr.obj
c:\users\hienn\onedrive\documents\ait-vision\hw5\skeletonv5\src\release\jccolor.obj
c:\users\hienn\onedrive\documents\ait-vision\hw5\skeletonv5\src\release\jccoefct.obj
c:\users\hienn\onedrive\documents\ait-vision\hw5\skeletonv5\src\release\jcapistd.obj
c:\users\hienn\onedrive\documents\ait-vision\hw5\skeletonv5\src\release\jcapimin.obj
c:\users\hienn\onedrive\documents\ait-vision\hw5\skeletonv5\src\release\jidctint.obj
c:\users\hienn\onedrive\documents\ait-vision\hw5\skeletonv5\src\release\jidctfst.obj
c:\users\hienn\onedrive\documents\ait-vision\hw5\skeletonv5\src\release\jidctflt.obj
c:\users\hienn\onedrive\documents\ait-vision\hw5\skeletonv5\src\release\jfdctint.obj
c:\users\hienn\onedrive\documents\ait-vision\hw5\skeletonv5\src\release\jfdctfst.obj
c:\users\hienn\onedrive\documents\ait-vision\hw5\skeletonv5\src\release\jfdctflt.obj
c:\users\hienn\onedrive\documents\ait-vision\hw5\skeletonv5\src\release\jerror.obj
c:\users\hienn\onedrive\documents\ait-vision\hw5\skeletonv5\src\release\jdtrans.obj
c:\users\hienn\onedrive\documents\ait-vision\hw5\skeletonv5\src\release\jdsample.obj
c:\users\hienn\onedrive\documents\ait-vision\hw5\skeletonv5\src\release\jdpostct.obj
c:\users\hienn\onedrive\documents\ait-vision\hw5\skeletonv5\src\release\jdphuff.obj
c:\users\hienn\onedrive\documents\ait-vision\hw5\skeletonv5\src\release\jdmerge.obj
c:\users\hienn\onedrive\documents\ait-vision\hw5\skeletonv5\src\release\jdmaster.obj
c:\users\hienn\onedrive\documents\ait-vision\hw5\skeletonv5\src\release\jdmarker.obj
c:\users\hienn\onedrive\documents\ait-vision\hw5\skeletonv5\src\release\jdmainct.obj
c:\users\hienn\onedrive\documents\ait-vision\hw5\skeletonv5\src\release\jdinput.obj
c:\users\hienn\onedrive\documents\ait-vision\hw5\skeletonv5\src\release\jdhuff.obj
c:\users\hienn\onedrive\documents\ait-vision\hw5\skeletonv5\src\release\jddctmgr.obj
c:\users\hienn\onedrive\documents\ait-vision\hw5\skeletonv5\src\release\jdcolor.obj
c:\users\hienn\onedrive\documents\ait-vision\hw5\skeletonv5\src\release\jdcoefct.obj
c:\users\hienn\onedrive\documents\ait-vision\hw5\skeletonv5\src\release\jutils.obj
c:\users\hienn\onedrive\documents\ait-vision\hw5\skeletonv5\src\release\jquant2.obj
c:\users\hienn\onedrive\documents\ait-vision\hw5\skeletonv5\src\release\jquant1.obj
c:\users\hienn\onedrive\documents\ait-vision\hw5\skeletonv5\src\release\jmemnobs.obj
c:\users\hienn\onedrive\documents\ait-vision\hw5\skeletonv5\src\release\jmemmgr.obj
c:\users\hienn\onedrive\documents\ait-vision\hw5\skeletonv5\src\release\jidctred.obj
c:\users\hienn\onedrive\documents\ait-vision\hw5\skeletonv5\src\release\imgpro.pdb
c:\users\hienn\onedrive\documents\ait-vision\hw5\skeletonv5\src\release\assn1.tlog\assn1.write.1u.tlog
c:\users\hienn\onedrive\documents\ait-vision\hw5\skeletonv5\src\release\assn1.tlog\cl.command.1.tlog
c:\users\hienn\onedrive\documents\ait-vision\hw5\skeletonv5\src\release\assn1.tlog\cl.read.1.tlog
c:\users\hienn\onedrive\documents\ait-vision\hw5\skeletonv5\src\release\assn1.tlog\cl.write.1.tlog
c:\users\hienn\onedrive\documents\ait-vision\hw5\skeletonv5\src\release\assn1.tlog\link.command.1.tlog
c:\users\hienn\onedrive\documents\ait-vision\hw5\skeletonv5\src\release\assn1.tlog\link.read.1.tlog
c:\users\hienn\onedrive\documents\ait-vision\hw5\skeletonv5\src\release\assn1.tlog\link.write.1.tlog
